2023/02/02 19:27:50.633748 Plugin para comunicación con impresoras térmicas 
Proudly brought to you by Parzibyte

Finalmente llegamos a la versión 3! espero que esta sea la última, por favor
Nota: ya existe la versión para Android: https://parzibyte.me/blog/2022/11/01/plugin-gratuito-impresoras-termicas-bluetooth-android/
No olvides leer mi blog si hay más actualizaciones o cosas interesantes:
==========================================
	https://parzibyte.me/blog
========================================== 
2023/02/02 19:27:50.634252 Escuchando en el puerto :8000.
2023/02/02 19:34:01.079736 Error comprobando validez de licencia: el serial es una cadena vacía. Esto no es problema si usted está usando la versión gratuita, pero si cuenta con un serial por favor verifique la documentación en https://parzibyte.me/blog para saber cómo enviar la licencia en la petición
2023/02/02 20:43:51.434976 Error comprobando validez de licencia: el serial es una cadena vacía. Esto no es problema si usted está usando la versión gratuita, pero si cuenta con un serial por favor verifique la documentación en https://parzibyte.me/blog para saber cómo enviar la licencia en la petición
2023/02/02 21:33:31.456893 Error comprobando validez de licencia: el serial es una cadena vacía. Esto no es problema si usted está usando la versión gratuita, pero si cuenta con un serial por favor verifique la documentación en https://parzibyte.me/blog para saber cómo enviar la licencia en la petición
2023/02/02 21:41:07.351761 Error comprobando validez de licencia: el serial es una cadena vacía. Esto no es problema si usted está usando la versión gratuita, pero si cuenta con un serial por favor verifique la documentación en https://parzibyte.me/blog para saber cómo enviar la licencia en la petición
2023/02/03 02:34:23.303582 Error comprobando validez de licencia: el serial es una cadena vacía. Esto no es problema si usted está usando la versión gratuita, pero si cuenta con un serial por favor verifique la documentación en https://parzibyte.me/blog para saber cómo enviar la licencia en la petición
2023/02/03 02:34:23.332512 error de servidor. El mensaje es: Error invocando a CargarImagenLocalEImprimir: open src/Imagenes/Aguila_logo.png: El sistema no puede encontrar la ruta especificada.
2023/02/03 02:44:09.768257 Error comprobando validez de licencia: el serial es una cadena vacía. Esto no es problema si usted está usando la versión gratuita, pero si cuenta con un serial por favor verifique la documentación en https://parzibyte.me/blog para saber cómo enviar la licencia en la petición
2023/02/03 02:44:09.777329 error de servidor. El mensaje es: Error invocando a CargarImagenLocalEImprimir: open src/Imagenes/Aguila_logo.png: El sistema no puede encontrar la ruta especificada.
2023/02/03 02:56:42.959834 Error comprobando validez de licencia: el serial es una cadena vacía. Esto no es problema si usted está usando la versión gratuita, pero si cuenta con un serial por favor verifique la documentación en https://parzibyte.me/blog para saber cómo enviar la licencia en la petición
2023/02/03 03:09:00.506283 Error comprobando validez de licencia: el serial es una cadena vacía. Esto no es problema si usted está usando la versión gratuita, pero si cuenta con un serial por favor verifique la documentación en https://parzibyte.me/blog para saber cómo enviar la licencia en la petición
2023/02/03 03:09:00.513331 error de servidor. El mensaje es: Error invocando a CargarImagenLocalEImprimir: open src/Imagenes/Aguila_logo.png: El sistema no puede encontrar la ruta especificada.
2023/02/03 03:10:54.004299 Error comprobando validez de licencia: el serial es una cadena vacía. Esto no es problema si usted está usando la versión gratuita, pero si cuenta con un serial por favor verifique la documentación en https://parzibyte.me/blog para saber cómo enviar la licencia en la petición
2023/02/03 04:19:32.170293 Error comprobando validez de licencia: el serial es una cadena vacía. Esto no es problema si usted está usando la versión gratuita, pero si cuenta con un serial por favor verifique la documentación en https://parzibyte.me/blog para saber cómo enviar la licencia en la petición
2023/02/03 12:08:02.477146 Plugin para comunicación con impresoras térmicas 
Proudly brought to you by Parzibyte

Finalmente llegamos a la versión 3! espero que esta sea la última, por favor
Nota: ya existe la versión para Android: https://parzibyte.me/blog/2022/11/01/plugin-gratuito-impresoras-termicas-bluetooth-android/
No olvides leer mi blog si hay más actualizaciones o cosas interesantes:
==========================================
	https://parzibyte.me/blog
========================================== 
2023/02/03 12:08:02.477651 Escuchando en el puerto :8000.
2023/02/03 12:08:19.247372 Error comprobando validez de licencia: el serial es una cadena vacía. Esto no es problema si usted está usando la versión gratuita, pero si cuenta con un serial por favor verifique la documentación en https://parzibyte.me/blog para saber cómo enviar la licencia en la petición
